# JRE version: OpenJDK Runtime Environment (8.0_152-b01) (build 1.8.0_152-release-915-b01)
# Java VM: OpenJDK 64-Bit Server VM (25.152-b01 mixed mode windows-amd64 compressed oops)
Heap:
 PSYoungGen      total 330752K, used 330601K [0x00000000e0000000, 0x00000000ff780000, 0x0000000100000000)
  eden space 291840K, 100% used [0x00000000e0000000,0x00000000f1d00000,0x00000000f1d00000)
  from space 38912K, 99% used [0x00000000f1d00000,0x00000000f42da548,0x00000000f4300000)
  to   space 110080K, 13% used [0x00000000f8c00000,0x00000000f9a70000,0x00000000ff780000)
 ParOldGen       total 508928K, used 245952K [0x00000000a0000000, 0x00000000bf100000, 0x00000000e0000000)
  object space 508928K, 48% used [0x00000000a0000000,0x00000000af032038,0x00000000bf100000)
 Metaspace       used 81148K, capacity 84672K, committed 84736K, reserved 1122304K
  class space    used 10487K, capacity 11252K, committed 11264K, reserved 1048576K
GC Heap History (10 events):
Event: 235.011 GC heap after
Heap after GC invocations=78 (full 8):
 PSYoungGen      total 413184K, used 71957K [0x00000000e0000000, 0x0000000100000000, 0x0000000100000000)
  eden space 318464K, 0% used [0x00000000e0000000,0x00000000e0000000,0x00000000f3700000)
  from space 94720K, 75% used [0x00000000fa380000,0x00000000fe9c54b0,0x0000000100000000)
  to   space 102912K, 0% used [0x00000000f3700000,0x00000000f3700000,0x00000000f9b80000)
 ParOldGen       total 396288K, used 232562K [0x00000000a0000000, 0x00000000b8300000, 0x00000000e0000000)
  object space 396288K, 58% used [0x00000000a0000000,0x00000000ae31c910,0x00000000b8300000)
 Metaspace       used 81142K, capacity 84672K, committed 84736K, reserved 1122304K
  class space    used 10487K, capacity 11252K, committed 11264K, reserved 1048576K
}
Event: 235.649 GC heap before
{Heap before GC invocations=79 (full 8):
 PSYoungGen      total 413184K, used 390421K [0x00000000e0000000, 0x0000000100000000, 0x0000000100000000)
  eden space 318464K, 100% used [0x00000000e0000000,0x00000000f3700000,0x00000000f3700000)
  from space 94720K, 75% used [0x00000000fa380000,0x00000000fe9c54b0,0x0000000100000000)
  to   space 102912K, 0% used [0x00000000f3700000,0x00000000f3700000,0x00000000f9b80000)
 ParOldGen       total 396288K, used 232562K [0x00000000a0000000, 0x00000000b8300000, 0x00000000e0000000)
  object space 396288K, 58% used [0x00000000a0000000,0x00000000ae31c910,0x00000000b8300000)
 Metaspace       used 81143K, capacity 84672K, committed 84736K, reserved 1122304K
  class space    used 10487K, capacity 11252K, committed 11264K, reserved 1048576K
Event: 235.863 GC heap after
Heap after GC invocations=79 (full 8):
 PSYoungGen      total 398848K, used 80160K [0x00000000e0000000, 0x0000000100000000, 0x0000000100000000)
  eden space 318464K, 0% used [0x00000000e0000000,0x00000000e0000000,0x00000000f3700000)
  from space 80384K, 99% used [0x00000000f3700000,0x00000000f8548010,0x00000000f8580000)
  to   space 112640K, 0% used [0x00000000f9200000,0x00000000f9200000,0x0000000100000000)
 ParOldGen       total 396288K, used 295978K [0x00000000a0000000, 0x00000000b8300000, 0x00000000e0000000)
  object space 396288K, 74% used [0x00000000a0000000,0x00000000b210a910,0x00000000b8300000)
 Metaspace       used 81143K, capacity 84672K, committed 84736K, reserved 1122304K
  class space    used 10487K, capacity 11252K, committed 11264K, reserved 1048576K
}
Event: 236.362 GC heap before
{Heap before GC invocations=80 (full 8):
 PSYoungGen      total 398848K, used 398624K [0x00000000e0000000, 0x0000000100000000, 0x0000000100000000)
  eden space 318464K, 100% used [0x00000000e0000000,0x00000000f3700000,0x00000000f3700000)
  from space 80384K, 99% used [0x00000000f3700000,0x00000000f8548010,0x00000000f8580000)
  to   space 112640K, 0% used [0x00000000f9200000,0x00000000f9200000,0x0000000100000000)
 ParOldGen       total 396288K, used 295978K [0x00000000a0000000, 0x00000000b8300000, 0x00000000e0000000)
  object space 396288K, 74% used [0x00000000a0000000,0x00000000b210a910,0x00000000b8300000)
 Metaspace       used 81143K, capacity 84672K, committed 84736K, reserved 1122304K
  class space    used 10487K, capacity 11252K, committed 11264K, reserved 1048576K
Event: 236.604 GC heap after
Heap after GC invocations=80 (full 8):
 PSYoungGen      total 404480K, used 70368K [0x00000000e0000000, 0x0000000100000000, 0x0000000100000000)
  eden space 291840K, 0% used [0x00000000e0000000,0x00000000e0000000,0x00000000f1d00000)
  from space 112640K, 62% used [0x00000000f9200000,0x00000000fd6b8000,0x0000000100000000)
  to   space 116224K, 0% used [0x00000000f1d00000,0x00000000f1d00000,0x00000000f8e80000)
 ParOldGen       total 396288K, used 370055K [0x00000000a0000000, 0x00000000b8300000, 0x00000000e0000000)
  object space 396288K, 93% used [0x00000000a0000000,0x00000000b6961c78,0x00000000b8300000)
 Metaspace       used 81143K, capacity 84672K, committed 84736K, reserved 1122304K
  class space    used 10487K, capacity 11252K, committed 11264K, reserved 1048576K
}
Event: 236.604 GC heap before
{Heap before GC invocations=81 (full 9):
 PSYoungGen      total 404480K, used 70368K [0x00000000e0000000, 0x0000000100000000, 0x0000000100000000)
  eden space 291840K, 0% used [0x00000000e0000000,0x00000000e0000000,0x00000000f1d00000)
  from space 112640K, 62% used [0x00000000f9200000,0x00000000fd6b8000,0x0000000100000000)
  to   space 116224K, 0% used [0x00000000f1d00000,0x00000000f1d00000,0x00000000f8e80000)
 ParOldGen       total 396288K, used 370055K [0x00000000a0000000, 0x00000000b8300000, 0x00000000e0000000)
  object space 396288K, 93% used [0x00000000a0000000,0x00000000b6961c78,0x00000000b8300000)
 Metaspace       used 81143K, capacity 84672K, committed 84736K, reserved 1122304K
  class space    used 10487K, capacity 11252K, committed 11264K, reserved 1048576K
Event: 238.018 GC heap after
Heap after GC invocations=81 (full 9):
 PSYoungGen      total 404480K, used 0K [0x00000000e0000000, 0x0000000100000000, 0x0000000100000000)
  eden space 291840K, 0% used [0x00000000e0000000,0x00000000e0000000,0x00000000f1d00000)
  from space 112640K, 0% used [0x00000000f9200000,0x00000000f9200000,0x0000000100000000)
  to   space 116224K, 0% used [0x00000000f1d00000,0x00000000f1d00000,0x00000000f8e80000)
 ParOldGen       total 508928K, used 229898K [0x00000000a0000000, 0x00000000bf100000, 0x00000000e0000000)
  object space 508928K, 45% used [0x00000000a0000000,0x00000000ae082ad0,0x00000000bf100000)
 Metaspace       used 81143K, capacity 84672K, committed 84736K, reserved 1122304K
  class space    used 10487K, capacity 11252K, committed 11264K, reserved 1048576K
}
Event: 238.685 GC heap before
{Heap before GC invocations=82 (full 9):
 PSYoungGen      total 404480K, used 291840K [0x00000000e0000000, 0x0000000100000000, 0x0000000100000000)
  eden space 291840K, 100% used [0x00000000e0000000,0x00000000f1d00000,0x00000000f1d00000)
  from space 112640K, 0% used [0x00000000f9200000,0x00000000f9200000,0x0000000100000000)
  to   space 116224K, 0% used [0x00000000f1d00000,0x00000000f1d00000,0x00000000f8e80000)
 ParOldGen       total 508928K, used 229898K [0x00000000a0000000, 0x00000000bf100000, 0x00000000e0000000)
  object space 508928K, 45% used [0x00000000a0000000,0x00000000ae082ad0,0x00000000bf100000)
 Metaspace       used 81145K, capacity 84672K, committed 84736K, reserved 1122304K
  class space    used 10487K, capacity 11252K, committed 11264K, reserved 1048576K
Event: 238.750 GC heap after
Heap after GC invocations=82 (full 9):
 PSYoungGen      total 330752K, used 38761K [0x00000000e0000000, 0x00000000ff780000, 0x0000000100000000)
  eden space 291840K, 0% used [0x00000000e0000000,0x00000000e0000000,0x00000000f1d00000)
  from space 38912K, 99% used [0x00000000f1d00000,0x00000000f42da548,0x00000000f4300000)
  to   space 110080K, 0% used [0x00000000f8c00000,0x00000000f8c00000,0x00000000ff780000)
 ParOldGen       total 508928K, used 229898K [0x00000000a0000000, 0x00000000bf100000, 0x00000000e0000000)
  object space 508928K, 45% used [0x00000000a0000000,0x00000000ae082ad0,0x00000000bf100000)
 Metaspace       used 81145K, capacity 84672K, committed 84736K, reserved 1122304K
  class space    used 10487K, capacity 11252K, committed 11264K, reserved 1048576K
}
Event: 245.099 GC heap before
{Heap before GC invocations=83 (full 9):
 PSYoungGen      total 330752K, used 330601K [0x00000000e0000000, 0x00000000ff780000, 0x0000000100000000)
  eden space 291840K, 100% used [0x00000000e0000000,0x00000000f1d00000,0x00000000f1d00000)
  from space 38912K, 99% used [0x00000000f1d00000,0x00000000f42da548,0x00000000f4300000)
  to   space 110080K, 0% used [0x00000000f8c00000,0x00000000f8c00000,0x00000000ff780000)
 ParOldGen       total 508928K, used 229898K [0x00000000a0000000, 0x00000000bf100000, 0x00000000e0000000)
  object space 508928K, 45% used [0x00000000a0000000,0x00000000ae082ad0,0x00000000bf100000)
 Metaspace       used 81148K, capacity 84672K, committed 84736K, reserved 1122304K
  class space    used 10487K, capacity 11252K, committed 11264K, reserved 1048576K

